      Step     Time          Energy          fmax
BFGS:    0 02:18:47     -488.781982        2.079795
BFGS:    1 02:18:47     -489.866913        1.484582
BFGS:    2 02:18:47     -492.357544        0.976225
BFGS:    3 02:18:47     -492.977478        1.070430
BFGS:    4 02:18:48     -493.508423        1.000296
BFGS:    5 02:18:48     -493.976593        0.847967
BFGS:    6 02:18:48     -494.510071        0.882305
BFGS:    7 02:18:48     -494.914612        1.069558
BFGS:    8 02:18:48     -495.179565        0.943819
BFGS:    9 02:18:49     -495.394989        0.639536
BFGS:   10 02:18:49     -495.667694        0.727497
BFGS:   11 02:18:49     -495.862946        0.923828
BFGS:   12 02:18:49     -496.046509        0.810717
BFGS:   13 02:18:49     -496.200897        0.576077
BFGS:   14 02:18:49     -496.328278        0.498436
BFGS:   15 02:18:50     -496.444611        0.600566
BFGS:   16 02:18:50     -496.570343        0.750503
BFGS:   17 02:18:50     -496.669617        0.568924
BFGS:   18 02:18:50     -496.748413        0.406763
BFGS:   19 02:18:50     -496.826813        0.559791
BFGS:   20 02:18:51     -496.883270        0.653382
BFGS:   21 02:18:51     -496.960968        0.545952
BFGS:   22 02:18:52     -497.022583        0.503852
BFGS:   23 02:18:52     -497.072571        0.383818
BFGS:   24 02:18:53     -497.122040        0.385140
BFGS:   25 02:18:53     -497.173401        0.394683
BFGS:   26 02:18:53     -497.215851        0.500723
BFGS:   27 02:18:54     -497.253967        0.365193
BFGS:   28 02:18:54     -497.291168        0.462211
BFGS:   29 02:18:54     -497.330200        0.401837
BFGS:   30 02:18:54     -497.363312        0.462123
BFGS:   31 02:18:54     -497.404266        0.447103
BFGS:   32 02:18:55     -497.438721        0.426765
BFGS:   33 02:18:55     -497.487823        0.448185
BFGS:   34 02:18:55     -497.521912        0.313037
BFGS:   35 02:18:55     -497.557709        0.310736
BFGS:   36 02:18:55     -497.582581        0.346365
BFGS:   37 02:18:55     -497.615173        0.413509
BFGS:   38 02:18:56     -497.648560        0.286412
BFGS:   39 02:18:56     -497.671600        0.274788
BFGS:   40 02:18:56     -497.696381        0.295258
BFGS:   41 02:18:56     -497.719849        0.390198
BFGS:   42 02:18:56     -497.752289        0.400981
BFGS:   43 02:18:57     -497.777557        0.277651
BFGS:   44 02:18:57     -497.803864        0.244749
BFGS:   45 02:18:57     -497.825867        0.249358
BFGS:   46 02:18:57     -497.856567        0.334414
BFGS:   47 02:18:57     -497.884674        0.311939
BFGS:   48 02:18:57     -497.907715        0.295582
BFGS:   49 02:18:58     -497.930725        0.233361
BFGS:   50 02:18:58     -497.955811        0.296594
BFGS:   51 02:18:58     -497.984772        0.322758
BFGS:   52 02:18:58     -498.008698        0.283833
BFGS:   53 02:18:58     -498.033264        0.319074
BFGS:   54 02:18:59     -498.058167        0.299338
BFGS:   55 02:18:59     -498.081757        0.370311
BFGS:   56 02:18:59     -498.106995        0.264141
BFGS:   57 02:18:59     -498.123077        0.260861
BFGS:   58 02:18:59     -498.139709        0.204144
BFGS:   59 02:18:59     -498.161469        0.276575
BFGS:   60 02:19:00     -498.182220        0.290810
BFGS:   61 02:19:00     -498.200867        0.332637
BFGS:   62 02:19:00     -498.218658        0.281301
BFGS:   63 02:19:00     -498.235443        0.265951
BFGS:   64 02:19:00     -498.248993        0.311998
BFGS:   65 02:19:01     -498.265869        0.298763
BFGS:   66 02:19:01     -498.277740        0.270302
BFGS:   67 02:19:01     -498.289795        0.201481
BFGS:   68 02:19:01     -498.303650        0.186299
BFGS:   69 02:19:01     -498.317047        0.357426
BFGS:   70 02:19:01     -498.331299        0.432464
BFGS:   71 02:19:02     -498.351013        0.308035
BFGS:   72 02:19:02     -498.363098        0.134256
BFGS:   73 02:19:02     -498.374176        0.175689
BFGS:   74 02:19:02     -498.386169        0.327245
BFGS:   75 02:19:02     -498.397278        0.301745
BFGS:   76 02:19:03     -498.410736        0.249362
BFGS:   77 02:19:03     -498.419800        0.132390
BFGS:   78 02:19:03     -498.428619        0.238073
BFGS:   79 02:19:03     -498.436340        0.288896
BFGS:   80 02:19:03     -498.445923        0.243858
BFGS:   81 02:19:03     -498.455414        0.179821
BFGS:   82 02:19:04     -498.461945        0.157217
BFGS:   83 02:19:04     -498.468262        0.224237
BFGS:   84 02:19:04     -498.475494        0.196080
BFGS:   85 02:19:04     -498.483551        0.207916
BFGS:   86 02:19:05     -498.490845        0.175470
BFGS:   87 02:19:05     -498.497314        0.202348
BFGS:   88 02:19:05     -498.504364        0.193702
BFGS:   89 02:19:06     -498.511475        0.171081
BFGS:   90 02:19:06     -498.517792        0.191791
BFGS:   91 02:19:07     -498.523834        0.153400
BFGS:   92 02:19:07     -498.530182        0.198189
BFGS:   93 02:19:07     -498.538574        0.175402
BFGS:   94 02:19:07     -498.547180        0.218712
BFGS:   95 02:19:08     -498.554688        0.220246
BFGS:   96 02:19:08     -498.563934        0.272364
BFGS:   97 02:19:08     -498.573792        0.287147
BFGS:   98 02:19:08     -498.585632        0.154842
BFGS:   99 02:19:08     -498.594055        0.221527
BFGS:  100 02:19:09     -498.602325        0.202439
BFGS:  101 02:19:09     -498.613953        0.289418
BFGS:  102 02:19:09     -498.622925        0.233408
BFGS:  103 02:19:09     -498.632294        0.157559
BFGS:  104 02:19:09     -498.638702        0.172996
BFGS:  105 02:19:10     -498.646790        0.245687
BFGS:  106 02:19:10     -498.656036        0.249880
BFGS:  107 02:19:10     -498.664185        0.165526
BFGS:  108 02:19:10     -498.670502        0.118188
BFGS:  109 02:19:10     -498.675842        0.156395
BFGS:  110 02:19:10     -498.682404        0.220048
BFGS:  111 02:19:11     -498.688599        0.176157
BFGS:  112 02:19:11     -498.694244        0.115954
BFGS:  113 02:19:11     -498.698181        0.121401
BFGS:  114 02:19:11     -498.702515        0.197333
BFGS:  115 02:19:11     -498.709076        0.186516
BFGS:  116 02:19:12     -498.714691        0.129108
BFGS:  117 02:19:12     -498.719330        0.136384
BFGS:  118 02:19:12     -498.723694        0.128048
BFGS:  119 02:19:12     -498.728729        0.170443
BFGS:  120 02:19:12     -498.733948        0.137458
BFGS:  121 02:19:12     -498.738647        0.123544
BFGS:  122 02:19:13     -498.742279        0.124173
BFGS:  123 02:19:13     -498.746490        0.153578
BFGS:  124 02:19:13     -498.751129        0.166400
BFGS:  125 02:19:13     -498.755096        0.137978
BFGS:  126 02:19:13     -498.758881        0.087172
